<?xml version="1.0" encoding="UTF-8"?>
<!-- Generated by org.testng.reporters.JUnitXMLReporter -->
<testsuite hostname="ShakilKhansMBP3.home" name="Default test1" tests="6" failures="0" timestamp="28 Feb 2015 00:24:27 GMT" time="13.748" errors="0">
  <testcase name="testHomePageTitle" time="0.059" classname="elitecareer.framework.tests.HomePageTest"/>
  <testcase name="testHomePageUrl" time="0.117" classname="elitecareer.framework.tests.HomePageTest"/>
  <testcase name="testJobSearchTitle" time="0.43" classname="elitecareer.framework.tests.HomePageTest"/>
  <testcase name="testNewJobsTitle" time="0.081" classname="elitecareer.framework.tests.HomePageTest"/>
  <testcase name="testLinkedInPageTitle" time="0.36" classname="elitecareer.framework.tests.HomePageTest"/>
  <testcase name="testFacebookPageTitle" time="0.093" classname="elitecareer.framework.tests.HomePageTest"/>
</testsuite> <!-- Default test1 -->
