<?xml version="1.0" encoding="UTF-8"?>
<!-- Generated by org.testng.reporters.JUnitXMLReporter -->
<testsuite hostname="ShakilKhansMBP3.home" name="Default test4" tests="3" failures="0" timestamp="17 Mar 2015 05:35:46 GMT" time="140.921" errors="0">
  <testcase name="testJobseekerProfileTitle" time="43.543" classname="elitecareer.framework.tests.JobseekerProfilePageTest"/>
  <testcase name="testProfilePageLink" time="0.117" classname="elitecareer.framework.tests.JobseekerProfilePageTest"/>
  <testcase name="testProfileMenuTitle" time="0.31" classname="elitecareer.framework.tests.JobseekerProfilePageTest"/>
</testsuite> <!-- Default test4 -->
