<?xml version="1.0" encoding="UTF-8"?>
<!-- Generated by org.testng.reporters.JUnitXMLReporter -->
<testsuite hostname="ShakilKhansMBP3.home" name="Default test5" tests="14" failures="0" timestamp="28 Feb 2015 00:28:47 GMT" time="40.226" errors="0">
  <testcase name="testEditPersonalInformationLink" time="4.332" classname="elitecareer.framework.tests.UpdatePersonalInformationPageTest"/>
  <testcase name="testPageTitle" time="0.063" classname="elitecareer.framework.tests.UpdatePersonalInformationPageTest"/>
  <testcase name="testUpdatePersonalInformationTitle" time="0.047" classname="elitecareer.framework.tests.UpdatePersonalInformationPageTest"/>
  <testcase name="testFirstNameFieldBellowLowerBoundary" time="1.477" classname="elitecareer.framework.tests.UpdatePersonalInformationPageTest"/>
  <testcase name="testFirstNameFieldLowerBoundary" time="3.437" classname="elitecareer.framework.tests.UpdatePersonalInformationPageTest"/>
  <testcase name="testFirstNameFieldAboveUpperBoundary" time="2.229" classname="elitecareer.framework.tests.UpdatePersonalInformationPageTest"/>
  <testcase name="testFirstNameFieldUpperBoundary" time="2.466" classname="elitecareer.framework.tests.UpdatePersonalInformationPageTest"/>
  <testcase name="testLastNameFieldBellowLowerBoundary" time="1.188" classname="elitecareer.framework.tests.UpdatePersonalInformationPageTest"/>
  <testcase name="testLastNameFieldLowerBoundary" time="2.023" classname="elitecareer.framework.tests.UpdatePersonalInformationPageTest"/>
  <testcase name="testLastNameFieldAboveUpperBoundary" time="1.121" classname="elitecareer.framework.tests.UpdatePersonalInformationPageTest"/>
  <testcase name="testLastNameFieldUpperBoundary" time="1.168" classname="elitecareer.framework.tests.UpdatePersonalInformationPageTest"/>
  <testcase name="testDateOfBirthFieldWithInvalidInput" time="1.136" classname="elitecareer.framework.tests.UpdatePersonalInformationPageTest"/>
  <testcase name="testDateOfBirthFieldWithValidInput" time="1.596" classname="elitecareer.framework.tests.UpdatePersonalInformationPageTest"/>
  <testcase name="testUpdateWithAllValidData" time="2.151" classname="elitecareer.framework.tests.UpdatePersonalInformationPageTest"/>
</testsuite> <!-- Default test5 -->
