<?xml version="1.0" encoding="UTF-8"?>
<!-- Generated by org.testng.reporters.JUnitXMLReporter -->
<testsuite hostname="ShakilKhansMBP3.home" name="Default test3" tests="24" failures="0" timestamp="17 Mar 2015 05:33:25 GMT" time="157.082" errors="0">
  <testcase name="testRegisterPageTitle" time="1.189" classname="elitecareer.framework.tests.RegisterPageTest"/>
  <testcase name="testRegisterPageUrl" time="0.126" classname="elitecareer.framework.tests.RegisterPageTest"/>
  <testcase name="testRegisterTitle" time="0.367" classname="elitecareer.framework.tests.RegisterPageTest"/>
  <testcase name="testEmptyFormSublission" time="30.943" classname="elitecareer.framework.tests.RegisterPageTest"/>
  <testcase name="testFirstNameFieldBellowLowerBoundary" time="3.658" classname="elitecareer.framework.tests.RegisterPageTest"/>
  <testcase name="testFirstNameFieldLowerBoundary" time="5.333" classname="elitecareer.framework.tests.RegisterPageTest"/>
  <testcase name="testFirstNameFieldAboveUpperBoundary" time="3.395" classname="elitecareer.framework.tests.RegisterPageTest"/>
  <testcase name="testFirstNameFieldUpperBoundary" time="6.521" classname="elitecareer.framework.tests.RegisterPageTest"/>
  <testcase name="testLastNameFieldBellowLowerBoundary" time="3.021" classname="elitecareer.framework.tests.RegisterPageTest"/>
  <testcase name="testLastNameFieldLowerBoundary" time="5.602" classname="elitecareer.framework.tests.RegisterPageTest"/>
  <testcase name="testLastNameFieldAboveUpperBoundary" time="3.166" classname="elitecareer.framework.tests.RegisterPageTest"/>
  <testcase name="testLastNameFieldUpperBoundary" time="5.144" classname="elitecareer.framework.tests.RegisterPageTest"/>
  <testcase name="testDateOfBirthFieldWithInvalidInput" time="3.066" classname="elitecareer.framework.tests.RegisterPageTest"/>
  <testcase name="testDateOfBirthFieldWithValidInput" time="4.415" classname="elitecareer.framework.tests.RegisterPageTest"/>
  <testcase name="testPhoneNoFieldBellowLowerBoundary" time="4.386" classname="elitecareer.framework.tests.RegisterPageTest"/>
  <testcase name="testPhoneNoFieldLowerBoundary" time="5.298" classname="elitecareer.framework.tests.RegisterPageTest"/>
  <testcase name="testPhoneNoFieldAboveUpperBoundary" time="3.532" classname="elitecareer.framework.tests.RegisterPageTest"/>
  <testcase name="testPhoneNoFieldUpperBoundary" time="5.654" classname="elitecareer.framework.tests.RegisterPageTest"/>
  <testcase name="testEmailFieldIfAlreadyRegistered" time="12.345" classname="elitecareer.framework.tests.RegisterPageTest"/>
  <testcase name="testPasswordFieldBellowLowerBoundary" time="5.474" classname="elitecareer.framework.tests.RegisterPageTest"/>
  <testcase name="testPasswordFieldLowerBoundary" time="5.43" classname="elitecareer.framework.tests.RegisterPageTest"/>
  <testcase name="testPasswordFieldAboveUpperBoundary" time="4.404" classname="elitecareer.framework.tests.RegisterPageTest"/>
  <testcase name="testPasswordFieldUpperBoundary" time="8.071" classname="elitecareer.framework.tests.RegisterPageTest"/>
  <testcase name="testPasswordAndConfirmPasswordFieldsIfDoNotMatch" time="4.854" classname="elitecareer.framework.tests.RegisterPageTest"/>
</testsuite> <!-- Default test3 -->
