<?xml version="1.0" encoding="UTF-8"?>
<!-- Generated by org.testng.reporters.JUnitXMLReporter -->
<testsuite hostname="ShakilKhansMBP3.home" name="Nopackage1" tests="2" failures="1" timestamp="17 Feb 2015 04:02:58 GMT" time="0.065" errors="0">
  <testcase name="testHomePageTitle" time="0.016" classname="elitecareer.framework.tests.HomePageTest"/>
  <testcase name="testSignInPageTitle" time="0.001" classname="elitecareer.framework.tests.SignInPageTest">
    <failure type="java.lang.NullPointerException">
      <![CDATA[java.lang.NullPointerException
	at elitecareer.framework.tests.SignInPageTest.testSignInPageTitle(SignInPageTest.java:12)
... Removed 24 stack frames]]>
    </failure>
  </testcase> <!-- testSignInPageTitle -->
</testsuite> <!-- Nopackage1 -->
